mode: atomic
github.com/think-book/BookBasket-Server/handler/handler.go:61.24,63.2 1 1
github.com/think-book/BookBasket-Server/handler/handler.go:66.47,73.16 3 2
github.com/think-book/BookBasket-Server/handler/handler.go:77.2,77.39 1 2
github.com/think-book/BookBasket-Server/handler/handler.go:73.16,75.3 1 0
github.com/think-book/BookBasket-Server/handler/handler.go:81.43,84.16 2 4
github.com/think-book/BookBasket-Server/handler/handler.go:89.2,92.16 3 3
github.com/think-book/BookBasket-Server/handler/handler.go:96.2,96.39 1 2
github.com/think-book/BookBasket-Server/handler/handler.go:84.16,87.3 1 1
github.com/think-book/BookBasket-Server/handler/handler.go:92.16,94.3 1 1
github.com/think-book/BookBasket-Server/handler/handler.go:101.41,105.38 2 5
github.com/think-book/BookBasket-Server/handler/handler.go:110.2,110.66 1 3
github.com/think-book/BookBasket-Server/handler/handler.go:115.2,117.16 2 2
github.com/think-book/BookBasket-Server/handler/handler.go:121.2,121.36 1 0
github.com/think-book/BookBasket-Server/handler/handler.go:105.38,107.3 1 2
github.com/think-book/BookBasket-Server/handler/handler.go:110.66,112.3 1 1
github.com/think-book/BookBasket-Server/handler/handler.go:117.16,119.3 1 2
github.com/think-book/BookBasket-Server/handler/handler.go:125.44,129.16 2 5
github.com/think-book/BookBasket-Server/handler/handler.go:134.2,137.16 3 4
github.com/think-book/BookBasket-Server/handler/handler.go:142.2,146.16 3 3
github.com/think-book/BookBasket-Server/handler/handler.go:150.2,150.39 1 3
github.com/think-book/BookBasket-Server/handler/handler.go:129.16,132.3 1 1
github.com/think-book/BookBasket-Server/handler/handler.go:137.16,139.3 1 1
github.com/think-book/BookBasket-Server/handler/handler.go:146.16,148.3 1 0
github.com/think-book/BookBasket-Server/handler/handler.go:155.46,159.16 2 5
github.com/think-book/BookBasket-Server/handler/handler.go:164.2,167.16 3 4
github.com/think-book/BookBasket-Server/handler/handler.go:172.2,176.16 3 3
github.com/think-book/BookBasket-Server/handler/handler.go:180.2,180.39 1 3
github.com/think-book/BookBasket-Server/handler/handler.go:159.16,162.3 1 1
github.com/think-book/BookBasket-Server/handler/handler.go:167.16,169.3 1 1
github.com/think-book/BookBasket-Server/handler/handler.go:176.16,178.3 1 0
github.com/think-book/BookBasket-Server/handler/handler.go:185.44,190.16 3 6
github.com/think-book/BookBasket-Server/handler/handler.go:196.2,196.37 1 5
github.com/think-book/BookBasket-Server/handler/handler.go:201.2,201.42 1 4
github.com/think-book/BookBasket-Server/handler/handler.go:205.2,209.16 3 3
github.com/think-book/BookBasket-Server/handler/handler.go:213.2,217.16 3 2
github.com/think-book/BookBasket-Server/handler/handler.go:222.2,226.16 3 1
github.com/think-book/BookBasket-Server/handler/handler.go:230.2,230.36 1 1
github.com/think-book/BookBasket-Server/handler/handler.go:190.16,193.3 1 1
github.com/think-book/BookBasket-Server/handler/handler.go:196.37,198.3 1 1
github.com/think-book/BookBasket-Server/handler/handler.go:201.42,203.3 1 1
github.com/think-book/BookBasket-Server/handler/handler.go:209.16,211.3 1 1
github.com/think-book/BookBasket-Server/handler/handler.go:217.16,219.3 1 1
github.com/think-book/BookBasket-Server/handler/handler.go:226.16,228.3 1 0
github.com/think-book/BookBasket-Server/handler/handler.go:234.46,239.16 3 6
github.com/think-book/BookBasket-Server/handler/handler.go:245.2,245.37 1 5
github.com/think-book/BookBasket-Server/handler/handler.go:250.2,250.44 1 4
github.com/think-book/BookBasket-Server/handler/handler.go:254.2,258.16 3 3
github.com/think-book/BookBasket-Server/handler/handler.go:262.2,266.16 3 2
github.com/think-book/BookBasket-Server/handler/handler.go:271.2,275.16 3 1
github.com/think-book/BookBasket-Server/handler/handler.go:279.2,279.36 1 1
github.com/think-book/BookBasket-Server/handler/handler.go:239.16,242.3 1 1
github.com/think-book/BookBasket-Server/handler/handler.go:245.37,247.3 1 1
github.com/think-book/BookBasket-Server/handler/handler.go:250.44,252.3 1 1
github.com/think-book/BookBasket-Server/handler/handler.go:258.16,260.3 1 1
github.com/think-book/BookBasket-Server/handler/handler.go:266.16,268.3 1 1
github.com/think-book/BookBasket-Server/handler/handler.go:275.16,277.3 1 0
